[
  {
    "line": 2,
    "elements": [
      {
        "line": 4,
        "name": "",
        "description": "",
        "type": "background",
        "keyword": "Background",
        "steps": [
          {
            "result": {
              "duration": 6651929100,
              "status": "passed"
            },
            "line": 5,
            "name": "I have launched the application",
            "match": {
              "location": "stepDefs.Loginstepdef1.i_have_launched_the_application()"
            },
            "keyword": "Given "
          },
          {
            "result": {
              "duration": 2558025500,
              "status": "passed"
            },
            "line": 6,
            "name": "I enter username as \"standard_user\"",
            "match": {
              "arguments": [
                {
                  "val": "\"standard_user\"",
                  "offset": 20
                }
              ],
              "location": "stepDefs.Loginstepdef1.i_enter_username_as(java.lang.String)"
            },
            "keyword": "When "
          },
          {
            "result": {
              "duration": 2316463600,
              "status": "passed"
            },
            "line": 7,
            "name": "I enter password as \"secret_sauce\"",
            "match": {
              "arguments": [
                {
                  "val": "\"secret_sauce\"",
                  "offset": 20
                }
              ],
              "location": "stepDefs.Loginstepdef1.i_enter_password_as(java.lang.String)"
            },
            "keyword": "And "
          },
          {
            "result": {
              "duration": 467171100,
              "status": "passed"
            },
            "line": 8,
            "name": "I click on Login button",
            "match": {
              "location": "stepDefs.Loginstepdef1.i_click_on_Login_button()"
            },
            "keyword": "And "
          },
          {
            "result": {
              "duration": 136934200,
              "status": "passed"
            },
            "line": 9,
            "name": "I should land on home page",
            "match": {
              "location": "stepDefs.Loginstepdef1.i_should_land_on_home_page()"
            },
            "keyword": "Then "
          }
        ]
      },
      {
        "start_timestamp": "2023-05-22T17:01:12.784Z",
        "before": [
          {
            "result": {
              "duration": 59194917400,
              "status": "passed"
            },
            "match": {
              "location": "stepDefs.Hooks.setup()"
            }
          }
        ],
        "line": 11,
        "name": "Add the product to Cart",
        "description": "",
        "id": "this-feature-will-be-used-to-test-the-add-to-cart-functionality-of-swag-labs-application;add-the-product-to-cart",
        "after": [
          {
            "result": {
              "duration": 743740500,
              "status": "passed"
            },
            "match": {
              "location": "stepDefs.Hooks.tearDown()"
            }
          }
        ],
        "type": "scenario",
        "keyword": "Scenario",
        "steps": [
          {
            "result": {
              "duration": 2285732600,
              "status": "passed"
            },
            "line": 12,
            "name": "I click on the Product name as \"Sauce Labs Backpack\"",
            "match": {
              "arguments": [
                {
                  "val": "\"Sauce Labs Backpack\"",
                  "offset": 31
                }
              ],
              "location": "stepDefs.Addtocartstepdef.i_click_on_the_Product_name_as(java.lang.String)"
            },
            "keyword": "When "
          },
          {
            "result": {
              "duration": 2197108400,
              "status": "passed"
            },
            "line": 13,
            "name": "I click on the Add to cart Button",
            "match": {
              "location": "stepDefs.Addtocartstepdef.i_click_on_the_Add_to_cart_Button()"
            },
            "keyword": "And "
          },
          {
            "result": {
              "duration": 2201514200,
              "status": "passed"
            },
            "line": 14,
            "name": "I click on Shopping cart link",
            "match": {
              "location": "stepDefs.Addtocartstepdef.i_click_on_shopping_cart_link()"
            },
            "keyword": "And "
          },
          {
            "result": {
              "duration": 2307804800,
              "status": "passed"
            },
            "line": 15,
            "name": "I verify the item on cart page",
            "match": {
              "location": "stepDefs.Addtocartstepdef.i_verify_the_item_on_cart_page()"
            },
            "keyword": "Then "
          }
        ],
        "tags": [
          {
            "name": "@AddToCart"
          }
        ]
      }
    ],
    "name": "This feature will be used to test the Add to Cart functionality of Swag Labs application",
    "description": "",
    "id": "this-feature-will-be-used-to-test-the-add-to-cart-functionality-of-swag-labs-application",
    "keyword": "Feature",
    "uri": "file:src/test/java/features/Addtocart.feature",
    "tags": [
      {
        "name": "@AddToCart",
        "type": "Tag",
        "location": {
          "line": 1,
          "column": 1
        }
      }
    ]
  },
  {
    "line": 2,
    "elements": [
      {
        "start_timestamp": "2023-05-22T17:02:34.188Z",
        "before": [
          {
            "result": {
              "duration": 4733518500,
              "status": "passed"
            },
            "match": {
              "location": "stepDefs.Hooks.setup()"
            }
          }
        ],
        "line": 6,
        "name": "Login success scenario using parameters",
        "description": "",
        "id": "this-feature-will-be-used-to-test-the-login-functionality-of-swag-labs-application;login-success-scenario-using-parameters",
        "after": [
          {
            "result": {
              "duration": 575668800,
              "status": "passed"
            },
            "match": {
              "location": "stepDefs.Hooks.tearDown()"
            }
          }
        ],
        "type": "scenario",
        "keyword": "Scenario",
        "steps": [
          {
            "result": {
              "duration": 7806239400,
              "status": "passed"
            },
            "line": 7,
            "name": "I have launched the application",
            "match": {
              "location": "stepDefs.Loginstepdef1.i_have_launched_the_application()"
            },
            "keyword": "Given "
          },
          {
            "result": {
              "duration": 2367138400,
              "status": "passed"
            },
            "line": 8,
            "name": "I enter username as \"standard_user\"",
            "match": {
              "arguments": [
                {
                  "val": "\"standard_user\"",
                  "offset": 20
                }
              ],
              "location": "stepDefs.Loginstepdef1.i_enter_username_as(java.lang.String)"
            },
            "keyword": "When "
          },
          {
            "result": {
              "duration": 2288491900,
              "status": "passed"
            },
            "line": 9,
            "name": "I enter password as \"secret_sauce\"",
            "match": {
              "arguments": [
                {
                  "val": "\"secret_sauce\"",
                  "offset": 20
                }
              ],
              "location": "stepDefs.Loginstepdef1.i_enter_password_as(java.lang.String)"
            },
            "keyword": "And "
          },
          {
            "result": {
              "duration": 481723100,
              "status": "passed"
            },
            "line": 10,
            "name": "I click on Login button",
            "match": {
              "location": "stepDefs.Loginstepdef1.i_click_on_Login_button()"
            },
            "keyword": "And "
          },
          {
            "result": {
              "duration": 128925600,
              "status": "passed"
            },
            "line": 11,
            "name": "I should land on home page",
            "match": {
              "location": "stepDefs.Loginstepdef1.i_should_land_on_home_page()"
            },
            "keyword": "Then "
          }
        ],
        "tags": [
          {
            "name": "@Login"
          },
          {
            "name": "@sanity"
          }
        ]
      },
      {
        "start_timestamp": "2023-05-22T17:02:52.629Z",
        "before": [
          {
            "result": {
              "duration": 2845684300,
              "status": "passed"
            },
            "match": {
              "location": "stepDefs.Hooks.setup()"
            }
          }
        ],
        "line": 22,
        "name": "Login Failure scenario using Scenario outline",
        "description": "",
        "id": "this-feature-will-be-used-to-test-the-login-functionality-of-swag-labs-application;login-failure-scenario-using-scenario-outline;;2",
        "after": [
          {
            "result": {
              "duration": 472695300,
              "status": "passed"
            },
            "match": {
              "location": "stepDefs.Hooks.tearDown()"
            }
          }
        ],
        "type": "scenario",
        "keyword": "Scenario Outline",
        "steps": [
          {
            "result": {
              "error_message": "org.openqa.selenium.NoSuchElementException: no such element: Unable to locate element: {\"method\":\"xpath\",\"selector\":\"//input[@id\u003d\u0027user-name\u0027]\"}\n  (Session info: chrome\u003d113.0.5672.127)\nFor documentation on this error, please visit: https://www.seleniumhq.org/exceptions/no_such_element.html\nBuild info: version: \u00273.141.59\u0027, revision: \u0027e82be7d358\u0027, time: \u00272018-11-14T08:17:03\u0027\nSystem info: host: \u0027DESKTOP-JRLDGJM\u0027, ip: \u0027192.168.29.82\u0027, os.name: \u0027Windows 10\u0027, os.arch: \u0027amd64\u0027, os.version: \u002710.0\u0027, java.version: \u002717.0.6\u0027\nDriver info: org.openqa.selenium.chrome.ChromeDriver\nCapabilities {acceptInsecureCerts: false, browserName: chrome, browserVersion: 113.0.5672.127, chrome: {chromedriverVersion: 113.0.5672.63 (0e1a4471d5ae..., userDataDir: C:\\Users\\lenovo\\AppData\\Loc...}, goog:chromeOptions: {debuggerAddress: localhost:59031}, javascriptEnabled: true, networkConnectionEnabled: false, pageLoadStrategy: normal, platform: WINDOWS, platformName: WINDOWS, proxy: Proxy(), setWindowRect: true, strictFileInteractability: false, timeouts: {implicit: 0, pageLoad: 300000, script: 30000}, unhandledPromptBehavior: dismiss and notify, webauthn:extension:credBlob: true, webauthn:extension:largeBlob: true, webauthn:extension:minPinLength: true, webauthn:extension:prf: true, webauthn:virtualAuthenticators: true}\nSession ID: 9a26f61db6e983470eb66163ed1740bd\n*** Element info: {Using\u003dxpath, value\u003d//input[@id\u003d\u0027user-name\u0027]}\r\n\tat java.base/jdk.internal.reflect.NativeConstructorAccessorImpl.newInstance0(Native Method)\r\n\tat java.base/jdk.internal.reflect.NativeConstructorAccessorImpl.newInstance(NativeConstructorAccessorImpl.java:77)\r\n\tat java.base/jdk.internal.reflect.DelegatingConstructorAccessorImpl.newInstance(DelegatingConstructorAccessorImpl.java:45)\r\n\tat java.base/java.lang.reflect.Constructor.newInstanceWithCaller(Constructor.java:499)\r\n\tat java.base/java.lang.reflect.Constructor.newInstance(Constructor.java:480)\r\n\tat org.openqa.selenium.remote.http.W3CHttpResponseCodec.createException(W3CHttpResponseCodec.java:187)\r\n\tat org.openqa.selenium.remote.http.W3CHttpResponseCodec.decode(W3CHttpResponseCodec.java:122)\r\n\tat org.openqa.selenium.remote.http.W3CHttpResponseCodec.decode(W3CHttpResponseCodec.java:49)\r\n\tat org.openqa.selenium.remote.HttpCommandExecutor.execute(HttpCommandExecutor.java:158)\r\n\tat org.openqa.selenium.remote.service.DriverCommandExecutor.execute(DriverCommandExecutor.java:83)\r\n\tat org.openqa.selenium.remote.RemoteWebDriver.execute(RemoteWebDriver.java:552)\r\n\tat org.openqa.selenium.remote.RemoteWebDriver.findElement(RemoteWebDriver.java:323)\r\n\tat org.openqa.selenium.remote.RemoteWebDriver.findElementByXPath(RemoteWebDriver.java:428)\r\n\tat org.openqa.selenium.By$ByXPath.findElement(By.java:353)\r\n\tat org.openqa.selenium.remote.RemoteWebDriver.findElement(RemoteWebDriver.java:315)\r\n\tat stepDefs.Loginstepdef1.i_enter_username_as(Loginstepdef1.java:23)\r\n\tat ✽.I enter username as \"standard_user\"(file:///C:/Users/lenovo/eclipse-workspace/Phase2Project/src/test/java/features/login1.feature:15)\r\n",
              "duration": 3171797400,
              "status": "failed"
            },
            "line": 15,
            "name": "I enter username as \"standard_user\"",
            "match": {
              "arguments": [
                {
                  "val": "\"standard_user\"",
                  "offset": 20
                }
              ],
              "location": "stepDefs.Loginstepdef1.i_enter_username_as(java.lang.String)"
            },
            "keyword": "When "
          },
          {
            "result": {
              "duration": 2000000,
              "status": "skipped"
            },
            "line": 16,
            "name": "I enter password as \"xyz@12345\"",
            "match": {
              "arguments": [
                {
                  "val": "\"xyz@12345\"",
                  "offset": 20
                }
              ],
              "location": "stepDefs.Loginstepdef1.i_enter_password_as(java.lang.String)"
            },
            "keyword": "And "
          },
          {
            "result": {
              "duration": 998500,
              "status": "skipped"
            },
            "line": 17,
            "name": "I click on Login button",
            "match": {
              "location": "stepDefs.Loginstepdef1.i_click_on_Login_button()"
            },
            "keyword": "And "
          },
          {
            "result": {
              "duration": 2000300,
              "status": "skipped"
            },
            "line": 18,
            "name": "I should get the error message as \"Epic sadface: Username and password do not match any user in this service\"",
            "match": {
              "arguments": [
                {
                  "val": "\"Epic sadface: Username and password do not match any user in this service\"",
                  "offset": 34
                }
              ],
              "location": "stepDefs.Loginstepdef1.i_should_get_the_error_message_as(java.lang.String)"
            },
            "keyword": "Then "
          }
        ],
        "tags": [
          {
            "name": "@Login"
          },
          {
            "name": "@regression"
          }
        ]
      },
      {
        "start_timestamp": "2023-05-22T17:02:59.241Z",
        "before": [
          {
            "result": {
              "duration": 2680909900,
              "status": "passed"
            },
            "match": {
              "location": "stepDefs.Hooks.setup()"
            }
          }
        ],
        "line": 23,
        "name": "Login Failure scenario using Scenario outline",
        "description": "",
        "id": "this-feature-will-be-used-to-test-the-login-functionality-of-swag-labs-application;login-failure-scenario-using-scenario-outline;;3",
        "after": [
          {
            "result": {
              "duration": 514701100,
              "status": "passed"
            },
            "match": {
              "location": "stepDefs.Hooks.tearDown()"
            }
          }
        ],
        "type": "scenario",
        "keyword": "Scenario Outline",
        "steps": [
          {
            "result": {
              "error_message": "org.openqa.selenium.NoSuchElementException: no such element: Unable to locate element: {\"method\":\"xpath\",\"selector\":\"//input[@id\u003d\u0027user-name\u0027]\"}\n  (Session info: chrome\u003d113.0.5672.127)\nFor documentation on this error, please visit: https://www.seleniumhq.org/exceptions/no_such_element.html\nBuild info: version: \u00273.141.59\u0027, revision: \u0027e82be7d358\u0027, time: \u00272018-11-14T08:17:03\u0027\nSystem info: host: \u0027DESKTOP-JRLDGJM\u0027, ip: \u0027192.168.29.82\u0027, os.name: \u0027Windows 10\u0027, os.arch: \u0027amd64\u0027, os.version: \u002710.0\u0027, java.version: \u002717.0.6\u0027\nDriver info: org.openqa.selenium.chrome.ChromeDriver\nCapabilities {acceptInsecureCerts: false, browserName: chrome, browserVersion: 113.0.5672.127, chrome: {chromedriverVersion: 113.0.5672.63 (0e1a4471d5ae..., userDataDir: C:\\Users\\lenovo\\AppData\\Loc...}, goog:chromeOptions: {debuggerAddress: localhost:59047}, javascriptEnabled: true, networkConnectionEnabled: false, pageLoadStrategy: normal, platform: WINDOWS, platformName: WINDOWS, proxy: Proxy(), setWindowRect: true, strictFileInteractability: false, timeouts: {implicit: 0, pageLoad: 300000, script: 30000}, unhandledPromptBehavior: dismiss and notify, webauthn:extension:credBlob: true, webauthn:extension:largeBlob: true, webauthn:extension:minPinLength: true, webauthn:extension:prf: true, webauthn:virtualAuthenticators: true}\nSession ID: 7e8e3e06d9df4426da91c4e567f6bced\n*** Element info: {Using\u003dxpath, value\u003d//input[@id\u003d\u0027user-name\u0027]}\r\n\tat java.base/jdk.internal.reflect.NativeConstructorAccessorImpl.newInstance0(Native Method)\r\n\tat java.base/jdk.internal.reflect.NativeConstructorAccessorImpl.newInstance(NativeConstructorAccessorImpl.java:77)\r\n\tat java.base/jdk.internal.reflect.DelegatingConstructorAccessorImpl.newInstance(DelegatingConstructorAccessorImpl.java:45)\r\n\tat java.base/java.lang.reflect.Constructor.newInstanceWithCaller(Constructor.java:499)\r\n\tat java.base/java.lang.reflect.Constructor.newInstance(Constructor.java:480)\r\n\tat org.openqa.selenium.remote.http.W3CHttpResponseCodec.createException(W3CHttpResponseCodec.java:187)\r\n\tat org.openqa.selenium.remote.http.W3CHttpResponseCodec.decode(W3CHttpResponseCodec.java:122)\r\n\tat org.openqa.selenium.remote.http.W3CHttpResponseCodec.decode(W3CHttpResponseCodec.java:49)\r\n\tat org.openqa.selenium.remote.HttpCommandExecutor.execute(HttpCommandExecutor.java:158)\r\n\tat org.openqa.selenium.remote.service.DriverCommandExecutor.execute(DriverCommandExecutor.java:83)\r\n\tat org.openqa.selenium.remote.RemoteWebDriver.execute(RemoteWebDriver.java:552)\r\n\tat org.openqa.selenium.remote.RemoteWebDriver.findElement(RemoteWebDriver.java:323)\r\n\tat org.openqa.selenium.remote.RemoteWebDriver.findElementByXPath(RemoteWebDriver.java:428)\r\n\tat org.openqa.selenium.By$ByXPath.findElement(By.java:353)\r\n\tat org.openqa.selenium.remote.RemoteWebDriver.findElement(RemoteWebDriver.java:315)\r\n\tat stepDefs.Loginstepdef1.i_enter_username_as(Loginstepdef1.java:23)\r\n\tat ✽.I enter username as \"locked_out_user\"(file:///C:/Users/lenovo/eclipse-workspace/Phase2Project/src/test/java/features/login1.feature:15)\r\n",
              "duration": 3053252800,
              "status": "failed"
            },
            "line": 15,
            "name": "I enter username as \"locked_out_user\"",
            "match": {
              "arguments": [
                {
                  "val": "\"locked_out_user\"",
                  "offset": 20
                }
              ],
              "location": "stepDefs.Loginstepdef1.i_enter_username_as(java.lang.String)"
            },
            "keyword": "When "
          },
          {
            "result": {
              "duration": 1998200,
              "status": "skipped"
            },
            "line": 16,
            "name": "I enter password as \"secret_sauce\"",
            "match": {
              "arguments": [
                {
                  "val": "\"secret_sauce\"",
                  "offset": 20
                }
              ],
              "location": "stepDefs.Loginstepdef1.i_enter_password_as(java.lang.String)"
            },
            "keyword": "And "
          },
          {
            "result": {
              "duration": 998700,
              "status": "skipped"
            },
            "line": 17,
            "name": "I click on Login button",
            "match": {
              "location": "stepDefs.Loginstepdef1.i_click_on_Login_button()"
            },
            "keyword": "And "
          },
          {
            "result": {
              "duration": 1998800,
              "status": "skipped"
            },
            "line": 18,
            "name": "I should get the error message as \"Epic sadface: Sorry, this user has been locked out.\"",
            "match": {
              "arguments": [
                {
                  "val": "\"Epic sadface: Sorry, this user has been locked out.\"",
                  "offset": 34
                }
              ],
              "location": "stepDefs.Loginstepdef1.i_should_get_the_error_message_as(java.lang.String)"
            },
            "keyword": "Then "
          }
        ],
        "tags": [
          {
            "name": "@Login"
          },
          {
            "name": "@regression"
          }
        ]
      }
    ],
    "name": "This feature will be used to test the login functionality of Swag Labs application",
    "description": "",
    "id": "this-feature-will-be-used-to-test-the-login-functionality-of-swag-labs-application",
    "keyword": "Feature",
    "uri": "file:src/test/java/features/login1.feature",
    "tags": [
      {
        "name": "@Login",
        "type": "Tag",
        "location": {
          "line": 1,
          "column": 1
        }
      }
    ]
  }
]